<?xml version="1.0" encoding="utf-8"?><testsuites name="pytest tests"><testsuite name="pytest" errors="4" failures="31" skipped="0" tests="86" time="26.369" timestamp="2026-08-27T18:00:38.074278+00:00" hostname="agent-env-219faa86-0f01-4675-a901-da33798d8a6e"><testcase classname="tests.test_pathforge.TestAuthorization" name="test_requires_auth[/api/profile-GET]" time="0.004" /><testcase classname="tests.test_pathforge.TestAuthorization" name="test_requires_auth[/api/profile/onboarding-POST]" time="0.246" /><testcase classname="tests.test_pathforge.TestAuthorization" name="test_requires_auth[/api/auth/me-GET]" time="0.002" /><testcase classname="tests.test_pathforge.TestAuthorization" name="test_requires_auth[/api/skills-GET]" time="0.002" /><testcase classname="tests.test_pathforge.TestAuthorization" name="test_requires_auth[/api/academics-GET]" time="0.002" /><testcase classname="tests.test_pathforge.TestFounder" name="test_insights_empty_log_returns_400" time="0.261" /><testcase classname="tests.test_pathforge.TestAuthorization" name="test_requires_auth[/api/projects-GET]" time="0.002" /><testcase classname="tests.test_pathforge.TestAuthorization" name="test_requires_auth[/api/hobbies-GET]" time="0.002" /><testcase classname="tests.test_pathforge.TestFounder" name="test_generate_roadmap" time="2.782"><failure message="AssertionError: {&quot;detail&quot;:&quot;AI unavailable — your Emergent LLM key budget is exhausted. Top up: Profile → Manage plan → Universal Key → Add Balance.&quot;}&#10;assert 503 == 200&#10; +  where 503 = &lt;Response [503]&gt;.status_code">backend/tests/test_pathforge.py:790: in test_generate_roadmap
    assert r.status_code == 200, r.text[:500]
E   AssertionError: {"detail":"AI unavailable — your Emergent LLM key budget is exhausted. Top up: Profile → Manage plan → Universal Key → Add Balance."}
E   assert 503 == 200
E    +  where 503 = &lt;Response [503]&gt;.status_code</failure></testcase><testcase classname="tests.test_pathforge.TestAuthorization" name="test_requires_auth[/api/checkin/today-GET]" time="0.002" /><testcase classname="tests.test_pathforge.TestAuthorization" name="test_requires_auth[/api/dashboard-GET]" time="0.229" /><testcase classname="tests.test_pathforge.TestAuthorization" name="test_requires_auth[/api/skill-gap-GET]" time="0.002" /><testcase classname="tests.test_pathforge.TestAuthorization" name="test_requires_auth[/api/roadmap-GET]" time="0.002" /><testcase classname="tests.test_pathforge.TestAuthorization" name="test_requires_auth[/api/ai/profile-GET]" time="0.002" /><testcase classname="tests.test_pathforge.TestAuthorization" name="test_requires_auth[/api/planner/today-GET]" time="0.001" /><testcase classname="tests.test_pathforge.TestAuthorization" name="test_requires_auth[/api/ai/forge/history-GET]" time="0.002" /><testcase classname="tests.test_pathforge.TestAuthorization" name="test_requires_auth[/api/ai/interview/history-GET]" time="0.001" /><testcase classname="tests.test_pathforge.TestAuth" name="test_signup_returns_token" time="0.226" /><testcase classname="tests.test_pathforge.TestAuth" name="test_login_valid" time="0.228" /><testcase classname="tests.test_pathforge.TestAuth" name="test_login_invalid" time="0.232" /><testcase classname="tests.test_pathforge.TestAuth" name="test_me_with_token" time="0.003" /><testcase classname="tests.test_pathforge.TestAuth" name="test_me_without_token" time="0.001" /><testcase classname="tests.test_pathforge.TestAuth" name="test_signup_duplicate" time="0.002" /><testcase classname="tests.test_pathforge.TestFounder" name="test_get_founder_roadmap" time="0.004"><failure message="assert None is not None">backend/tests/test_pathforge.py:802: in test_get_founder_roadmap
    assert r.json()["roadmap"] is not None
E   assert None is not None</failure></testcase><testcase classname="tests.test_pathforge.TestFounder" name="test_node_status_update" time="0.000"><failure message="KeyError: 'nodes'">backend/tests/test_pathforge.py:805: in test_node_status_update
    nid = founder_ctx["nodes"][0]["id"]
          ^^^^^^^^^^^^^^^^^^^^
E   KeyError: 'nodes'</failure></testcase><testcase classname="tests.test_pathforge.TestFounder" name="test_node_invalid_status_400" time="0.000"><failure message="KeyError: 'nodes'">backend/tests/test_pathforge.py:813: in test_node_invalid_status_400
    nid = founder_ctx["nodes"][0]["id"]
          ^^^^^^^^^^^^^^^^^^^^
E   KeyError: 'nodes'</failure></testcase><testcase classname="tests.test_pathforge.TestFounder" name="test_log_crud_and_counts" time="0.016" /><testcase classname="tests.test_pathforge.TestFounder" name="test_insights_after_logs" time="1.935"><failure message="AssertionError: {&quot;detail&quot;:&quot;AI unavailable — your Emergent LLM key budget is exhausted. Top up: Profile → Manage plan → Universal Key → Add Balance.&quot;}&#10;assert 503 == 200&#10; +  where 503 = &lt;Response [503]&gt;.status_code">backend/tests/test_pathforge.py:848: in test_insights_after_logs
    assert r.status_code == 200, r.text[:500]
E   AssertionError: {"detail":"AI unavailable — your Emergent LLM key budget is exhausted. Top up: Profile → Manage plan → Universal Key → Add Balance."}
E   assert 503 == 200
E    +  where 503 = &lt;Response [503]&gt;.status_code</failure></testcase><testcase classname="tests.test_pathforge.TestAIGeneration" name="test_generate_profile" time="6.115"><failure message="AssertionError: {&quot;detail&quot;:&quot;AI unavailable — your Emergent LLM key budget is exhausted. Top up: Profile → Manage plan → Universal Key → Add Balance.&quot;}&#10;assert 503 == 200&#10; +  where 503 = &lt;Response [503]&gt;.status_code">backend/tests/test_pathforge.py:170: in test_generate_profile
    assert r.status_code == 200, r.text
E   AssertionError: {"detail":"AI unavailable — your Emergent LLM key budget is exhausted. Top up: Profile → Manage plan → Universal Key → Add Balance."}
E   assert 503 == 200
E    +  where 503 = &lt;Response [503]&gt;.status_code</failure></testcase><testcase classname="tests.test_pathforge.TestStreak" name="test_fresh_user_zero_streak" time="0.244" /><testcase classname="tests.test_pathforge.TestStreak" name="test_first_checkin_streak_1" time="0.008" /><testcase classname="tests.test_pathforge.TestStreak" name="test_duplicate_checkin_same_day_idempotent" time="0.005" /><testcase classname="tests.test_pathforge.TestStreak" name="test_streak_progression_via_seeded_dates" time="0.071" /><testcase classname="tests.test_pathforge.TestStreak" name="test_streak_reset_after_gap" time="0.011" /><testcase classname="tests.test_pathforge.TestGlobalSearch" name="test_empty_returns_all_pages" time="0.233"><failure message="assert 15 == 14">backend/tests/test_pathforge.py:685: in test_empty_returns_all_pages
    assert d["count"] == 14
E   assert 15 == 14</failure></testcase><testcase classname="tests.test_pathforge.TestGlobalSearch" name="test_company_hit" time="0.005" /><testcase classname="tests.test_pathforge.TestGlobalSearch" name="test_python_skill_or_career" time="0.004" /><testcase classname="tests.test_pathforge.TestGlobalSearch" name="test_nonsense_ask_forge" time="0.004" /><testcase classname="tests.test_pathforge.TestGlobalSearch" name="test_requires_auth" time="0.001" /><testcase classname="tests.test_pathforge.TestOnboarding" name="test_step1" time="0.003" /><testcase classname="tests.test_pathforge.TestOnboarding" name="test_step2_merges" time="0.003" /><testcase classname="tests.test_pathforge.TestOnboarding" name="test_get_profile" time="0.002" /><testcase classname="tests.test_pathforge.TestOnboarding" name="test_complete_flag" time="0.005" /><testcase classname="tests.test_pathforge.TestInterview" name="test_start_interview" time="1.800"><failure message="AssertionError: {&quot;detail&quot;:&quot;AI unavailable — your Emergent LLM key budget is exhausted. Top up: Profile → Manage plan → Universal Key → Add Balance.&quot;}&#10;assert 503 == 200&#10; +  where 503 = &lt;Response [503]&gt;.status_code">backend/tests/test_pathforge.py:116: in test_start_interview
    assert r.status_code == 200, r.text
E   AssertionError: {"detail":"AI unavailable — your Emergent LLM key budget is exhausted. Top up: Profile → Manage plan → Universal Key → Add Balance."}
E   assert 503 == 200
E    +  where 503 = &lt;Response [503]&gt;.status_code</failure></testcase><testcase classname="tests.test_pathforge.TestAIGeneration" name="test_get_profile" time="0.004"><failure message="assert None is not None">backend/tests/test_pathforge.py:183: in test_get_profile
    assert r.json()["profile"] is not None
E   assert None is not None</failure></testcase><testcase classname="tests.test_pathforge.TestAIGeneration" name="test_generate_roadmap" time="1.766"><failure message="AssertionError: {&quot;detail&quot;:&quot;AI unavailable — your Emergent LLM key budget is exhausted. Top up: Profile → Manage plan → Universal Key → Add Balance.&quot;}&#10;assert 503 == 200&#10; +  where 503 = &lt;Response [503]&gt;.status_code">backend/tests/test_pathforge.py:187: in test_generate_roadmap
    assert r.status_code == 200, r.text
E   AssertionError: {"detail":"AI unavailable — your Emergent LLM key budget is exhausted. Top up: Profile → Manage plan → Universal Key → Add Balance."}
E   assert 503 == 200
E    +  where 503 = &lt;Response [503]&gt;.status_code</failure></testcase><testcase classname="tests.test_pathforge.TestInterview" name="test_follow_up" time="1.727"><failure message="assert 503 == 200&#10; +  where 503 = &lt;Response [503]&gt;.status_code">backend/tests/test_pathforge.py:125: in test_follow_up
    assert r.status_code == 200
E   assert 503 == 200
E    +  where 503 = &lt;Response [503]&gt;.status_code</failure></testcase><testcase classname="tests.test_pathforge.TestAIGeneration" name="test_get_roadmap" time="0.004"><failure message="assert None is not None">backend/tests/test_pathforge.py:203: in test_get_roadmap
    assert r.json()["roadmap"] is not None
E   assert None is not None</failure></testcase><testcase classname="tests.test_pathforge.TestAIGeneration" name="test_update_node_in_progress" time="0.000"><failure message="KeyError: 'nodes'">backend/tests/test_pathforge.py:209: in test_update_node_in_progress
    nid = STATE["nodes"][0]["id"]
          ^^^^^^^^^^^^^^
E   KeyError: 'nodes'</failure></testcase><testcase classname="tests.test_pathforge.TestAIGeneration" name="test_update_node_completed" time="0.000"><failure message="KeyError: 'nodes'">backend/tests/test_pathforge.py:216: in test_update_node_completed
    nid = STATE["nodes"][0]["id"]
          ^^^^^^^^^^^^^^
E   KeyError: 'nodes'</failure></testcase><testcase classname="tests.test_pathforge.TestSkills" name="test_add" time="0.005" /><testcase classname="tests.test_pathforge.TestSkills" name="test_list" time="0.003" /><testcase classname="tests.test_pathforge.TestSkills" name="test_update" time="0.003" /><testcase classname="tests.test_pathforge.TestSkills" name="test_delete" time="0.003" /><testcase classname="tests.test_pathforge.TestCareers" name="test_list" time="0.002" /><testcase classname="tests.test_pathforge.TestCareers" name="test_filter" time="0.001" /><testcase classname="tests.test_pathforge.TestCareers" name="test_single" time="0.001" /><testcase classname="tests.test_pathforge.TestCareers" name="test_unknown_404" time="0.001" /><testcase classname="tests.test_pathforge.TestWeeklyReview" name="test_generate_review" time="1.941"><failure message="AssertionError: {&quot;detail&quot;:&quot;AI unavailable — your Emergent LLM key budget is exhausted. Top up: Profile → Manage plan → Universal Key → Add Balance.&quot;}&#10;assert 503 == 200&#10; +  where 503 = &lt;Response [503]&gt;.status_code">backend/tests/test_pathforge.py:465: in test_generate_review
    assert r.status_code == 200, r.text
E   AssertionError: {"detail":"AI unavailable — your Emergent LLM key budget is exhausted. Top up: Profile → Manage plan → Universal Key → Add Balance."}
E   assert 503 == 200
E    +  where 503 = &lt;Response [503]&gt;.status_code</failure></testcase><testcase classname="tests.test_pathforge.TestInterview" name="test_follow_up_2" time="1.650"><failure message="assert 503 == 200&#10; +  where 503 = &lt;Response [503]&gt;.status_code">backend/tests/test_pathforge.py:132: in test_follow_up_2
    assert r.status_code == 200
E   assert 503 == 200
E    +  where 503 = &lt;Response [503]&gt;.status_code</failure></testcase><testcase classname="tests.test_pathforge.TestInterview" name="test_history" time="0.004"><failure message="assert 0 &gt;= 4&#10; +  where 0 = len([])">backend/tests/test_pathforge.py:138: in test_history
    assert len(msgs) &gt;= 4
E   assert 0 &gt;= 4
E    +  where 0 = len([])</failure></testcase><testcase classname="tests.test_pathforge.TestWeeklyReview" name="test_latest_review" time="0.007"><failure message="assert None is not None">backend/tests/test_pathforge.py:482: in test_latest_review
    assert doc is not None
E   assert None is not None</failure></testcase><testcase classname="tests.test_pathforge.TestWeeklyReview" name="test_accept_review" time="0.003"><failure message="KeyError: 'review_id'">backend/tests/test_pathforge.py:494: in test_accept_review
    json={"review_id": STATE["review_id"]},
                       ^^^^^^^^^^^^^^^^^^
E   KeyError: 'review_id'</failure></testcase><testcase classname="tests.test_pathforge.TestWeeklyReview" name="test_accept_invalid_review" time="0.003" /><testcase classname="tests.test_pathforge.TestForge" name="test_forge_chat" time="1.698"><failure message="AssertionError: Internal Server Error&#10;assert 500 == 200&#10; +  where 500 = &lt;Response [500]&gt;.status_code">backend/tests/test_pathforge.py:280: in test_forge_chat
    assert r.status_code == 200, r.text
E   AssertionError: Internal Server Error
E   assert 500 == 200
E    +  where 500 = &lt;Response [500]&gt;.status_code</failure></testcase><testcase classname="tests.test_pathforge.TestResume" name="test_generate" time="1.692"><error message="failed on setup with &quot;AssertionError: {&quot;detail&quot;:&quot;AI unavailable — your Emergent LLM key budget is exhausted. Top up: Profile → Manage plan → Universal Key → Add Balance.&quot;}&#10;assert 503 == 200&#10; +  where 503 = &lt;Response [503]&gt;.status_code&quot;">backend/tests/test_pathforge.py:728: in _ensure_resume
    assert r2.status_code == 200, r2.text
E   AssertionError: {"detail":"AI unavailable — your Emergent LLM key budget is exhausted. Top up: Profile → Manage plan → Universal Key → Add Balance."}
E   assert 503 == 200
E    +  where 503 = &lt;Response [503]&gt;.status_code</error></testcase><testcase classname="tests.test_pathforge.TestResume" name="test_get" time="0.000"><error message="failed on setup with &quot;AssertionError: {&quot;detail&quot;:&quot;AI unavailable — your Emergent LLM key budget is exhausted. Top up: Profile → Manage plan → Universal Key → Add Balance.&quot;}&#10;assert 503 == 200&#10; +  where 503 = &lt;Response [503]&gt;.status_code&quot;">backend/tests/test_pathforge.py:728: in _ensure_resume
    assert r2.status_code == 200, r2.text
E   AssertionError: {"detail":"AI unavailable — your Emergent LLM key budget is exhausted. Top up: Profile → Manage plan → Universal Key → Add Balance."}
E   assert 503 == 200
E    +  where 503 = &lt;Response [503]&gt;.status_code</error></testcase><testcase classname="tests.test_pathforge.TestResume" name="test_save_and_persist" time="0.000"><error message="failed on setup with &quot;AssertionError: {&quot;detail&quot;:&quot;AI unavailable — your Emergent LLM key budget is exhausted. Top up: Profile → Manage plan → Universal Key → Add Balance.&quot;}&#10;assert 503 == 200&#10; +  where 503 = &lt;Response [503]&gt;.status_code&quot;">backend/tests/test_pathforge.py:728: in _ensure_resume
    assert r2.status_code == 200, r2.text
E   AssertionError: {"detail":"AI unavailable — your Emergent LLM key budget is exhausted. Top up: Profile → Manage plan → Universal Key → Add Balance."}
E   assert 503 == 200
E    +  where 503 = &lt;Response [503]&gt;.status_code</error></testcase><testcase classname="tests.test_pathforge.TestResume" name="test_pdf_returns_binary" time="0.000"><error message="failed on setup with &quot;AssertionError: {&quot;detail&quot;:&quot;AI unavailable — your Emergent LLM key budget is exhausted. Top up: Profile → Manage plan → Universal Key → Add Balance.&quot;}&#10;assert 503 == 200&#10; +  where 503 = &lt;Response [503]&gt;.status_code&quot;">backend/tests/test_pathforge.py:728: in _ensure_resume
    assert r2.status_code == 200, r2.text
E   AssertionError: {"detail":"AI unavailable — your Emergent LLM key budget is exhausted. Top up: Profile → Manage plan → Universal Key → Add Balance."}
E   assert 503 == 200
E    +  where 503 = &lt;Response [503]&gt;.status_code</error></testcase><testcase classname="tests.test_pathforge.TestPlacement" name="test_run_placement" time="1.729"><failure message="AssertionError: {&quot;detail&quot;:&quot;AI unavailable — your Emergent LLM key budget is exhausted. Top up: Profile → Manage plan → Universal Key → Add Balance.&quot;}&#10;assert 503 == 200&#10; +  where 503 = &lt;Response [503]&gt;.status_code">backend/tests/test_pathforge.py:636: in test_run_placement
    assert r.status_code == 200, r.text
E   AssertionError: {"detail":"AI unavailable — your Emergent LLM key budget is exhausted. Top up: Profile → Manage plan → Universal Key → Add Balance."}
E   assert 503 == 200
E    +  where 503 = &lt;Response [503]&gt;.status_code</failure></testcase><testcase classname="tests.test_pathforge.TestForge" name="test_forge_history" time="0.004"><failure message="assert 0 &gt;= 2&#10; +  where 0 = len([])">backend/tests/test_pathforge.py:286: in test_forge_history
    assert len(r.json()["messages"]) &gt;= 2
E   assert 0 &gt;= 2
E    +  where 0 = len([])</failure></testcase><testcase classname="tests.test_pathforge.TestForge" name="test_forge_nudge" time="1.779"><failure message="assert 503 == 200&#10; +  where 503 = &lt;Response [503]&gt;.status_code">backend/tests/test_pathforge.py:290: in test_forge_nudge
    assert r.status_code == 200
E   assert 503 == 200
E    +  where 503 = &lt;Response [503]&gt;.status_code</failure></testcase><testcase classname="tests.test_pathforge.TestPlacement" name="test_latest_matches_last_post" time="1.684"><failure message="AssertionError: {&quot;detail&quot;:&quot;AI unavailable — your Emergent LLM key budget is exhausted. Top up: Profile → Manage plan → Universal Key → Add Balance.&quot;}&#10;assert 503 == 200&#10; +  where 503 = &lt;Response [503]&gt;.status_code">backend/tests/test_pathforge.py:657: in test_latest_matches_last_post
    assert r.status_code == 200, r.text
E   AssertionError: {"detail":"AI unavailable — your Emergent LLM key budget is exhausted. Top up: Profile → Manage plan → Universal Key → Add Balance."}
E   assert 503 == 200
E    +  where 503 = &lt;Response [503]&gt;.status_code</failure></testcase><testcase classname="tests.test_pathforge.TestAIRepeated" name="test_generate_roadmap_four_times" time="7.171"><failure message="AssertionError: generate-roadmap failures: run 1: 503 {&quot;detail&quot;:&quot;AI unavailable — your Emergent LLM key budget is exhausted. Top up: Profile → Manage plan → Universal Key → Add Balance.&quot;}; run 2: 503 {&quot;detail&quot;:&quot;AI unavailable — your Emergent LLM key budget is exhausted. Top up: Profile → Manage plan → Universal Key → Add Balance.&quot;}; run 3: 503 {&quot;detail&quot;:&quot;AI unavailable — your Emergent LLM key budget is exhausted. Top up: Profile → Manage plan → Universal Key → Add Balance.&quot;}; run 4: 503 {&quot;detail&quot;:&quot;AI unavailable — your Emergent LLM key budget is exhausted. Top up: Profile → Manage plan → Universal Key → Add Balance.&quot;}&#10;assert not ['run 1: 503 {&quot;detail&quot;:&quot;AI unavailable — your Emergent LLM key budget is exhausted. Top up: Profile → Manage plan → Universal Key → Add Balance.&quot;}', 'run 2: 503 {&quot;detail&quot;:&quot;AI unavailable — your Emergent LLM key budget is exhausted. Top up: Profile → Manage plan → Universal Key → Add Balance.&quot;}', 'run 3: 503 {&quot;detail&quot;:&quot;AI unavailable — your Emergent LLM key budget is exhausted. Top up: Profile → Manage plan → Universal Key → Add Balance.&quot;}', 'run 4: 503 {&quot;detail&quot;:&quot;AI unavailable — your Emergent LLM key budget is exhausted. Top up: Profile → Manage plan → Universal Key → Add Balance.&quot;}']">backend/tests/test_pathforge.py:244: in test_generate_roadmap_four_times
    assert not failures, "generate-roadmap failures: " + "; ".join(failures)
E   AssertionError: generate-roadmap failures: run 1: 503 {"detail":"AI unavailable — your Emergent LLM key budget is exhausted. Top up: Profile → Manage plan → Universal Key → Add Balance."}; run 2: 503 {"detail":"AI unavailable — your Emergent LLM key budget is exhausted. Top up: Profile → Manage plan → Universal Key → Add Balance."}; run 3: 503 {"detail":"AI unavailable — your Emergent LLM key budget is exhausted. Top up: Profile → Manage plan → Universal Key → Add Balance."}; run 4: 503 {"detail":"AI unavailable — your Emergent LLM key budget is exhausted. Top up: Profile → Manage plan → Universal Key → Add Balance."}
E   assert not ['run 1: 503 {"detail":"AI unavailable — your Emergent LLM key budget is exhausted. Top up: Profile → Manage plan → Universal Key → Add Balance."}', 'run 2: 503 {"detail":"AI unavailable — your Emergent LLM key budget is exhausted. Top up: Profile → Manage plan → Universal Key → Add Balance."}', 'run 3: 503 {"detail":"AI unavailable — your Emergent LLM key budget is exhausted. Top up: Profile → Manage plan → Universal Key → Add Balance."}', 'run 4: 503 {"detail":"AI unavailable — your Emergent LLM key budget is exhausted. Top up: Profile → Manage plan → Universal Key → Add Balance."}']</failure></testcase><testcase classname="tests.test_pathforge.TestPlacement" name="test_empty_companies_defaults" time="1.882"><failure message="AssertionError: {&quot;detail&quot;:&quot;AI unavailable — your Emergent LLM key budget is exhausted. Top up: Profile → Manage plan → Universal Key → Add Balance.&quot;}&#10;assert 503 == 200&#10; +  where 503 = &lt;Response [503]&gt;.status_code">backend/tests/test_pathforge.py:670: in test_empty_companies_defaults
    assert r.status_code == 200, r.text
E   AssertionError: {"detail":"AI unavailable — your Emergent LLM key budget is exhausted. Top up: Profile → Manage plan → Universal Key → Add Balance."}
E   assert 503 == 200
E    +  where 503 = &lt;Response [503]&gt;.status_code</failure></testcase><testcase classname="tests.test_pathforge.TestPlanner" name="test_generate" time="1.777"><failure message="AssertionError: {&quot;detail&quot;:&quot;AI unavailable — your Emergent LLM key budget is exhausted. Top up: Profile → Manage plan → Universal Key → Add Balance.&quot;}&#10;assert 503 == 200&#10; +  where 503 = &lt;Response [503]&gt;.status_code">backend/tests/test_pathforge.py:266: in test_generate
    assert r.status_code == 200, r.text
E   AssertionError: {"detail":"AI unavailable — your Emergent LLM key budget is exhausted. Top up: Profile → Manage plan → Universal Key → Add Balance."}
E   assert 503 == 200
E    +  where 503 = &lt;Response [503]&gt;.status_code</failure></testcase><testcase classname="tests.test_pathforge.TestPlanner" name="test_get_today" time="0.004"><failure message="assert None is not None">backend/tests/test_pathforge.py:273: in test_get_today
    assert r.json()["plan"] is not None
E   assert None is not None</failure></testcase><testcase classname="tests.test_pathforge.TestSimulator" name="test_run_simulator" time="1.780"><failure message="AssertionError: {&quot;detail&quot;:&quot;AI unavailable — your Emergent LLM key budget is exhausted. Top up: Profile → Manage plan → Universal Key → Add Balance.&quot;}&#10;assert 503 == 200&#10; +  where 503 = &lt;Response [503]&gt;.status_code">backend/tests/test_pathforge.py:440: in test_run_simulator
    assert r.status_code == 200, r.text
E   AssertionError: {"detail":"AI unavailable — your Emergent LLM key budget is exhausted. Top up: Profile → Manage plan → Universal Key → Add Balance."}
E   assert 503 == 200
E    +  where 503 = &lt;Response [503]&gt;.status_code</failure></testcase><testcase classname="tests.test_pathforge.TestSimulator" name="test_simulator_history" time="0.008"><failure message="assert (True and 0 &gt;= 1)&#10; +  where True = isinstance([], list)&#10; +  and   0 = len([])">backend/tests/test_pathforge.py:456: in test_simulator_history
    assert isinstance(items, list) and len(items) &gt;= 1
E   assert (True and 0 &gt;= 1)
E    +  where True = isinstance([], list)
E    +  and   0 = len([])</failure></testcase><testcase classname="tests.test_pathforge.TestAcademics" name="test_add_and_cgpa" time="0.010" /><testcase classname="tests.test_pathforge.TestProjects" name="test_crud" time="0.008" /><testcase classname="tests.test_pathforge.TestHobbies" name="test_crud" time="0.008" /><testcase classname="tests.test_pathforge.TestCheckin" name="test_checkin" time="0.005" /><testcase classname="tests.test_pathforge.TestAIRepeated" name="test_generate_profile_twice" time="3.671"><failure message="AssertionError: generate-profile failures: run 1: 503 {&quot;detail&quot;:&quot;AI unavailable — your Emergent LLM key budget is exhausted. Top up: Profile → Manage plan → Universal Key → Add Balance.&quot;}; run 2: 503 {&quot;detail&quot;:&quot;AI unavailable — your Emergent LLM key budget is exhausted. Top up: Profile → Manage plan → Universal Key → Add Balance.&quot;}&#10;assert not ['run 1: 503 {&quot;detail&quot;:&quot;AI unavailable — your Emergent LLM key budget is exhausted. Top up: Profile → Manage plan → Universal Key → Add Balance.&quot;}', 'run 2: 503 {&quot;detail&quot;:&quot;AI unavailable — your Emergent LLM key budget is exhausted. Top up: Profile → Manage plan → Universal Key → Add Balance.&quot;}']">backend/tests/test_pathforge.py:259: in test_generate_profile_twice
    assert not failures, "generate-profile failures: " + "; ".join(failures)
E   AssertionError: generate-profile failures: run 1: 503 {"detail":"AI unavailable — your Emergent LLM key budget is exhausted. Top up: Profile → Manage plan → Universal Key → Add Balance."}; run 2: 503 {"detail":"AI unavailable — your Emergent LLM key budget is exhausted. Top up: Profile → Manage plan → Universal Key → Add Balance."}
E   assert not ['run 1: 503 {"detail":"AI unavailable — your Emergent LLM key budget is exhausted. Top up: Profile → Manage plan → Universal Key → Add Balance."}', 'run 2: 503 {"detail":"AI unavailable — your Emergent LLM key budget is exhausted. Top up: Profile → Manage plan → Universal Key → Add Balance."}']</failure></testcase><testcase classname="tests.test_pathforge.TestAggregates" name="test_skill_gap" time="0.005" /><testcase classname="tests.test_pathforge.TestAggregates" name="test_dashboard" time="0.005" /></testsuite></testsuites>