<?xml version="1.0" encoding="utf-8"?><testsuites name="pytest tests"><testsuite name="pytest" errors="0" failures="0" skipped="0" tests="16" time="75.854" timestamp="2026-08-27T16:41:28.770234+00:00" hostname="agent-env-219faa86-0f01-4675-a901-da33798d8a6e"><testcase classname="tests.test_pathforge.TestGlobalSearch" name="test_empty_returns_all_pages" time="0.480" /><testcase classname="tests.test_pathforge.TestGlobalSearch" name="test_company_hit" time="0.005" /><testcase classname="tests.test_pathforge.TestFounder" name="test_insights_empty_log_returns_400" time="0.485" /><testcase classname="tests.test_pathforge.TestFounder" name="test_generate_roadmap" time="56.888" /><testcase classname="tests.test_pathforge.TestGlobalSearch" name="test_python_skill_or_career" time="0.130" /><testcase classname="tests.test_pathforge.TestGlobalSearch" name="test_nonsense_ask_forge" time="0.006" /><testcase classname="tests.test_pathforge.TestGlobalSearch" name="test_requires_auth" time="0.002" /><testcase classname="tests.test_pathforge.TestResume" name="test_generate" time="8.852" /><testcase classname="tests.test_pathforge.TestResume" name="test_get" time="0.003" /><testcase classname="tests.test_pathforge.TestResume" name="test_save_and_persist" time="0.007" /><testcase classname="tests.test_pathforge.TestResume" name="test_pdf_returns_binary" time="0.066" /><testcase classname="tests.test_pathforge.TestFounder" name="test_get_founder_roadmap" time="0.004" /><testcase classname="tests.test_pathforge.TestFounder" name="test_node_status_update" time="0.004" /><testcase classname="tests.test_pathforge.TestFounder" name="test_node_invalid_status_400" time="0.003" /><testcase classname="tests.test_pathforge.TestFounder" name="test_log_crud_and_counts" time="0.011" /><testcase classname="tests.test_pathforge.TestFounder" name="test_insights_after_logs" time="17.764" /></testsuite></testsuites>