<?xml version="1.0" encoding="utf-8"?><testsuites name="pytest tests"><testsuite name="pytest" errors="0" failures="0" skipped="0" tests="86" time="379.205" timestamp="2026-08-27T16:42:50.986438+00:00" hostname="agent-env-219faa86-0f01-4675-a901-da33798d8a6e"><testcase classname="tests.test_pathforge.TestAuthorization" name="test_requires_auth[/api/profile-GET]" time="0.004" /><testcase classname="tests.test_pathforge.TestAuthorization" name="test_requires_auth[/api/profile/onboarding-POST]" time="0.259" /><testcase classname="tests.test_pathforge.TestAuthorization" name="test_requires_auth[/api/auth/me-GET]" time="0.002" /><testcase classname="tests.test_pathforge.TestAuthorization" name="test_requires_auth[/api/skills-GET]" time="0.002" /><testcase classname="tests.test_pathforge.TestFounder" name="test_insights_empty_log_returns_400" time="0.271" /><testcase classname="tests.test_pathforge.TestAuthorization" name="test_requires_auth[/api/academics-GET]" time="0.002" /><testcase classname="tests.test_pathforge.TestAuthorization" name="test_requires_auth[/api/projects-GET]" time="0.002" /><testcase classname="tests.test_pathforge.TestFounder" name="test_generate_roadmap" time="60.766" /><testcase classname="tests.test_pathforge.TestAuthorization" name="test_requires_auth[/api/hobbies-GET]" time="0.002" /><testcase classname="tests.test_pathforge.TestAuthorization" name="test_requires_auth[/api/checkin/today-GET]" time="0.003" /><testcase classname="tests.test_pathforge.TestAuthorization" name="test_requires_auth[/api/dashboard-GET]" time="0.001" /><testcase classname="tests.test_pathforge.TestAuthorization" name="test_requires_auth[/api/skill-gap-GET]" time="0.001" /><testcase classname="tests.test_pathforge.TestAuthorization" name="test_requires_auth[/api/roadmap-GET]" time="0.001" /><testcase classname="tests.test_pathforge.TestAuthorization" name="test_requires_auth[/api/ai/profile-GET]" time="0.001" /><testcase classname="tests.test_pathforge.TestAuthorization" name="test_requires_auth[/api/planner/today-GET]" time="0.001" /><testcase classname="tests.test_pathforge.TestAuthorization" name="test_requires_auth[/api/ai/forge/history-GET]" time="0.002" /><testcase classname="tests.test_pathforge.TestAuthorization" name="test_requires_auth[/api/ai/interview/history-GET]" time="0.001" /><testcase classname="tests.test_pathforge.TestAuth" name="test_signup_returns_token" time="0.252" /><testcase classname="tests.test_pathforge.TestAuth" name="test_login_valid" time="0.231" /><testcase classname="tests.test_pathforge.TestAuth" name="test_login_invalid" time="0.228" /><testcase classname="tests.test_pathforge.TestAuth" name="test_me_with_token" time="0.003" /><testcase classname="tests.test_pathforge.TestAuth" name="test_me_without_token" time="0.002" /><testcase classname="tests.test_pathforge.TestAuth" name="test_signup_duplicate" time="0.002" /><testcase classname="tests.test_pathforge.TestAIGeneration" name="test_generate_profile" time="23.070" /><testcase classname="tests.test_pathforge.TestAIGeneration" name="test_get_profile" time="0.003" /><testcase classname="tests.test_pathforge.TestAIGeneration" name="test_generate_roadmap" time="56.234" /><testcase classname="tests.test_pathforge.TestFounder" name="test_get_founder_roadmap" time="0.004" /><testcase classname="tests.test_pathforge.TestFounder" name="test_node_status_update" time="0.004" /><testcase classname="tests.test_pathforge.TestFounder" name="test_node_invalid_status_400" time="0.003" /><testcase classname="tests.test_pathforge.TestFounder" name="test_log_crud_and_counts" time="0.013" /><testcase classname="tests.test_pathforge.TestFounder" name="test_insights_after_logs" time="9.846" /><testcase classname="tests.test_pathforge.TestStreak" name="test_fresh_user_zero_streak" time="0.228" /><testcase classname="tests.test_pathforge.TestStreak" name="test_first_checkin_streak_1" time="0.005" /><testcase classname="tests.test_pathforge.TestStreak" name="test_duplicate_checkin_same_day_idempotent" time="0.007" /><testcase classname="tests.test_pathforge.TestStreak" name="test_streak_progression_via_seeded_dates" time="0.072" /><testcase classname="tests.test_pathforge.TestStreak" name="test_streak_reset_after_gap" time="0.006" /><testcase classname="tests.test_pathforge.TestGlobalSearch" name="test_empty_returns_all_pages" time="0.237" /><testcase classname="tests.test_pathforge.TestGlobalSearch" name="test_company_hit" time="0.004" /><testcase classname="tests.test_pathforge.TestGlobalSearch" name="test_python_skill_or_career" time="0.004" /><testcase classname="tests.test_pathforge.TestGlobalSearch" name="test_nonsense_ask_forge" time="0.004" /><testcase classname="tests.test_pathforge.TestGlobalSearch" name="test_requires_auth" time="0.002" /><testcase classname="tests.test_pathforge.TestOnboarding" name="test_step1" time="0.003" /><testcase classname="tests.test_pathforge.TestOnboarding" name="test_step2_merges" time="0.003" /><testcase classname="tests.test_pathforge.TestOnboarding" name="test_get_profile" time="0.003" /><testcase classname="tests.test_pathforge.TestOnboarding" name="test_complete_flag" time="0.006" /><testcase classname="tests.test_pathforge.TestInterview" name="test_start_interview" time="2.706" /><testcase classname="tests.test_pathforge.TestInterview" name="test_follow_up" time="2.900" /><testcase classname="tests.test_pathforge.TestInterview" name="test_follow_up_2" time="6.526" /><testcase classname="tests.test_pathforge.TestAIGeneration" name="test_get_roadmap" time="0.004" /><testcase classname="tests.test_pathforge.TestAIGeneration" name="test_update_node_in_progress" time="0.004" /><testcase classname="tests.test_pathforge.TestAIGeneration" name="test_update_node_completed" time="0.004" /><testcase classname="tests.test_pathforge.TestCareers" name="test_list" time="0.002" /><testcase classname="tests.test_pathforge.TestCareers" name="test_filter" time="0.001" /><testcase classname="tests.test_pathforge.TestCareers" name="test_single" time="0.002" /><testcase classname="tests.test_pathforge.TestCareers" name="test_unknown_404" time="0.001" /><testcase classname="tests.test_pathforge.TestWeeklyReview" name="test_generate_review" time="12.420" /><testcase classname="tests.test_pathforge.TestInterview" name="test_history" time="0.003" /><testcase classname="tests.test_pathforge.TestSkills" name="test_add" time="0.003" /><testcase classname="tests.test_pathforge.TestSkills" name="test_list" time="0.003" /><testcase classname="tests.test_pathforge.TestSkills" name="test_update" time="0.003" /><testcase classname="tests.test_pathforge.TestSkills" name="test_delete" time="0.003" /><testcase classname="tests.test_pathforge.TestResume" name="test_generate" time="12.271" /><testcase classname="tests.test_pathforge.TestWeeklyReview" name="test_latest_review" time="0.003" /><testcase classname="tests.test_pathforge.TestWeeklyReview" name="test_accept_review" time="0.012" /><testcase classname="tests.test_pathforge.TestWeeklyReview" name="test_accept_invalid_review" time="0.003" /><testcase classname="tests.test_pathforge.TestForge" name="test_forge_chat" time="5.763" /><testcase classname="tests.test_pathforge.TestResume" name="test_get" time="0.003" /><testcase classname="tests.test_pathforge.TestResume" name="test_save_and_persist" time="0.008" /><testcase classname="tests.test_pathforge.TestResume" name="test_pdf_returns_binary" time="0.007" /><testcase classname="tests.test_pathforge.TestPlacement" name="test_run_placement" time="19.683" /><testcase classname="tests.test_pathforge.TestForge" name="test_forge_history" time="0.004" /><testcase classname="tests.test_pathforge.TestForge" name="test_forge_nudge" time="2.363" /><testcase classname="tests.test_pathforge.TestAIRepeated" name="test_generate_roadmap_four_times" time="225.201" /><testcase classname="tests.test_pathforge.TestPlacement" name="test_latest_matches_last_post" time="13.671" /><testcase classname="tests.test_pathforge.TestPlacement" name="test_empty_companies_defaults" time="21.875" /><testcase classname="tests.test_pathforge.TestAggregates" name="test_skill_gap" time="0.008" /><testcase classname="tests.test_pathforge.TestAggregates" name="test_dashboard" time="0.006" /><testcase classname="tests.test_pathforge.TestSimulator" name="test_run_simulator" time="33.483" /><testcase classname="tests.test_pathforge.TestSimulator" name="test_simulator_history" time="0.005" /><testcase classname="tests.test_pathforge.TestAcademics" name="test_add_and_cgpa" time="0.015" /><testcase classname="tests.test_pathforge.TestProjects" name="test_crud" time="0.014" /><testcase classname="tests.test_pathforge.TestHobbies" name="test_crud" time="0.009" /><testcase classname="tests.test_pathforge.TestCheckin" name="test_checkin" time="0.006" /><testcase classname="tests.test_pathforge.TestAIRepeated" name="test_generate_profile_twice" time="40.457" /><testcase classname="tests.test_pathforge.TestPlanner" name="test_generate" time="12.080" /><testcase classname="tests.test_pathforge.TestPlanner" name="test_get_today" time="0.003" /></testsuite></testsuites>