<?xml version="1.0" encoding="utf-8"?><testsuites name="pytest tests"><testsuite name="pytest" errors="0" failures="1" skipped="0" tests="62" time="319.306" timestamp="2026-08-27T15:53:32.156891+00:00" hostname="agent-env-219faa86-0f01-4675-a901-da33798d8a6e"><testcase classname="tests.test_pathforge.TestAuthorization" name="test_requires_auth[/api/profile-GET]" time="0.005" /><testcase classname="tests.test_pathforge.TestAuthorization" name="test_requires_auth[/api/profile/onboarding-POST]" time="0.239" /><testcase classname="tests.test_pathforge.TestAuth" name="test_signup_returns_token" time="0.246" /><testcase classname="tests.test_pathforge.TestAuth" name="test_login_valid" time="0.240" /><testcase classname="tests.test_pathforge.TestAuthorization" name="test_requires_auth[/api/auth/me-GET]" time="0.236" /><testcase classname="tests.test_pathforge.TestAuth" name="test_login_invalid" time="0.234" /><testcase classname="tests.test_pathforge.TestAuthorization" name="test_requires_auth[/api/skills-GET]" time="0.003" /><testcase classname="tests.test_pathforge.TestAuthorization" name="test_requires_auth[/api/academics-GET]" time="0.231" /><testcase classname="tests.test_pathforge.TestAuth" name="test_me_with_token" time="0.003" /><testcase classname="tests.test_pathforge.TestAuthorization" name="test_requires_auth[/api/projects-GET]" time="0.002" /><testcase classname="tests.test_pathforge.TestAuthorization" name="test_requires_auth[/api/hobbies-GET]" time="0.002" /><testcase classname="tests.test_pathforge.TestAuth" name="test_me_without_token" time="0.002" /><testcase classname="tests.test_pathforge.TestAuthorization" name="test_requires_auth[/api/checkin/today-GET]" time="0.002" /><testcase classname="tests.test_pathforge.TestAuth" name="test_signup_duplicate" time="0.003" /><testcase classname="tests.test_pathforge.TestAuthorization" name="test_requires_auth[/api/dashboard-GET]" time="0.002" /><testcase classname="tests.test_pathforge.TestAuthorization" name="test_requires_auth[/api/skill-gap-GET]" time="0.021" /><testcase classname="tests.test_pathforge.TestAuthorization" name="test_requires_auth[/api/roadmap-GET]" time="0.002" /><testcase classname="tests.test_pathforge.TestAuthorization" name="test_requires_auth[/api/ai/profile-GET]" time="0.002" /><testcase classname="tests.test_pathforge.TestAuthorization" name="test_requires_auth[/api/planner/today-GET]" time="0.002" /><testcase classname="tests.test_pathforge.TestAuthorization" name="test_requires_auth[/api/ai/forge/history-GET]" time="0.002" /><testcase classname="tests.test_pathforge.TestAuthorization" name="test_requires_auth[/api/ai/interview/history-GET]" time="0.120" /><testcase classname="tests.test_pathforge.TestOnboarding" name="test_step1" time="0.237" /><testcase classname="tests.test_pathforge.TestOnboarding" name="test_step2_merges" time="0.003" /><testcase classname="tests.test_pathforge.TestOnboarding" name="test_get_profile" time="0.002" /><testcase classname="tests.test_pathforge.TestOnboarding" name="test_complete_flag" time="0.005" /><testcase classname="tests.test_pathforge.TestInterview" name="test_start_interview" time="2.924" /><testcase classname="tests.test_pathforge.TestInterview" name="test_follow_up" time="2.961" /><testcase classname="tests.test_pathforge.TestInterview" name="test_follow_up_2" time="3.179" /><testcase classname="tests.test_pathforge.TestAIGeneration" name="test_generate_profile" time="23.335" /><testcase classname="tests.test_pathforge.TestInterview" name="test_history" time="0.003" /><testcase classname="tests.test_pathforge.TestSkills" name="test_add" time="0.004" /><testcase classname="tests.test_pathforge.TestSkills" name="test_list" time="0.003" /><testcase classname="tests.test_pathforge.TestSkills" name="test_update" time="0.003" /><testcase classname="tests.test_pathforge.TestSkills" name="test_delete" time="0.003" /><testcase classname="tests.test_pathforge.TestCareers" name="test_list" time="0.002" /><testcase classname="tests.test_pathforge.TestCareers" name="test_filter" time="0.001" /><testcase classname="tests.test_pathforge.TestCareers" name="test_single" time="0.001" /><testcase classname="tests.test_pathforge.TestCareers" name="test_unknown_404" time="0.001" /><testcase classname="tests.test_pathforge.TestWeeklyReview" name="test_generate_review" time="8.428" /><testcase classname="tests.test_pathforge.TestWeeklyReview" name="test_latest_review" time="0.003" /><testcase classname="tests.test_pathforge.TestWeeklyReview" name="test_accept_review" time="0.005" /><testcase classname="tests.test_pathforge.TestWeeklyReview" name="test_accept_invalid_review" time="0.003" /><testcase classname="tests.test_pathforge.TestForge" name="test_forge_chat" time="4.793" /><testcase classname="tests.test_pathforge.TestForge" name="test_forge_history" time="0.003" /><testcase classname="tests.test_pathforge.TestForge" name="test_forge_nudge" time="2.127" /><testcase classname="tests.test_pathforge.TestAIGeneration" name="test_get_profile" time="0.003" /><testcase classname="tests.test_pathforge.TestAIGeneration" name="test_generate_roadmap" time="55.454" /><testcase classname="tests.test_pathforge.TestAIRepeated" name="test_generate_roadmap_four_times" time="250.416"><failure message="AssertionError: generate-roadmap failures: run 2: 502 {&quot;detail&quot;:&quot;AI returned invalid JSON shape&quot;}&#10;assert not ['run 2: 502 {&quot;detail&quot;:&quot;AI returned invalid JSON shape&quot;}']">backend/tests/test_pathforge.py:244: in test_generate_roadmap_four_times
    assert not failures, "generate-roadmap failures: " + "; ".join(failures)
E   AssertionError: generate-roadmap failures: run 2: 502 {"detail":"AI returned invalid JSON shape"}
E   assert not ['run 2: 502 {"detail":"AI returned invalid JSON shape"}']</failure></testcase><testcase classname="tests.test_pathforge.TestAIGeneration" name="test_get_roadmap" time="0.004" /><testcase classname="tests.test_pathforge.TestAIGeneration" name="test_update_node_in_progress" time="0.004" /><testcase classname="tests.test_pathforge.TestAIGeneration" name="test_update_node_completed" time="0.004" /><testcase classname="tests.test_pathforge.TestAggregates" name="test_skill_gap" time="0.003" /><testcase classname="tests.test_pathforge.TestAggregates" name="test_dashboard" time="0.005" /><testcase classname="tests.test_pathforge.TestSimulator" name="test_run_simulator" time="34.326" /><testcase classname="tests.test_pathforge.TestSimulator" name="test_simulator_history" time="0.004" /><testcase classname="tests.test_pathforge.TestAcademics" name="test_add_and_cgpa" time="0.013" /><testcase classname="tests.test_pathforge.TestProjects" name="test_crud" time="0.009" /><testcase classname="tests.test_pathforge.TestHobbies" name="test_crud" time="0.010" /><testcase classname="tests.test_pathforge.TestCheckin" name="test_checkin" time="0.008" /><testcase classname="tests.test_pathforge.TestAIRepeated" name="test_generate_profile_twice" time="30.324" /><testcase classname="tests.test_pathforge.TestPlanner" name="test_generate" time="12.315" /><testcase classname="tests.test_pathforge.TestPlanner" name="test_get_today" time="0.003" /></testsuite></testsuites>